2013-06-13 00:25:48,016:16.7219638824 - ubuntu_sso.main - INFO - Setting up Ubuntu SSO service.
2013-06-13 00:25:48,026:26.9920825958 - ubuntu_sso.main - INFO - Ubuntu SSO service started.
2013-06-13 00:25:48,027:27.3098945618 - ubuntu_sso.account - INFO - Creating a new SSO access layer for service url u'https://login.ubuntu.com/api/1.0/'
2013-06-13 01:44:43,864:864.147901535 - ubuntu_sso.main - INFO - Setting up Ubuntu SSO service.
2013-06-13 01:44:43,876:876.353025436 - ubuntu_sso.main - INFO - Ubuntu SSO service started.
2013-06-13 01:44:43,876:876.668930054 - ubuntu_sso.account - INFO - Creating a new SSO access layer for service url u'https://login.ubuntu.com/api/1.0/'
2013-06-13 01:44:43,885:885.56599617 - ubuntu_sso.credentials - INFO - find_credentials: self.app_name dbus.String(u'Ubuntu Software Center'), result is {}? True
2013-06-13 01:44:43,885:885.921001434 - ubuntu_sso.main - INFO - 'CredentialsManagement': emitting 'CredentialsNotFound' with args (dbus.String(u'Ubuntu Software Center'),) and kwargs {}
2013-06-13 01:44:53,896:896.367073059 - ubuntu_sso.main - INFO - Shutting down, calling <function shutdown_func at 0x928d0d4>.
2013-06-13 01:49:44,486:486.845016479 - ubuntu_sso.main - INFO - Setting up Ubuntu SSO service.
2013-06-13 01:49:44,496:496.846914291 - ubuntu_sso.main - INFO - Ubuntu SSO service started.
2013-06-13 01:49:44,497:497.411966324 - ubuntu_sso.account - INFO - Creating a new SSO access layer for service url u'https://login.ubuntu.com/api/1.0/'
2013-06-13 01:49:44,506:506.66308403 - ubuntu_sso.credentials - INFO - find_credentials: self.app_name dbus.String(u'Ubuntu Software Center'), result is {}? True
2013-06-13 01:49:44,507:507.021903992 - ubuntu_sso.main - INFO - 'CredentialsManagement': emitting 'CredentialsNotFound' with args (dbus.String(u'Ubuntu Software Center'),) and kwargs {}
2013-06-13 01:49:54,514:514.772891998 - ubuntu_sso.main - INFO - Shutting down, calling <function shutdown_func at 0x93bd0d4>.
2013-06-13 02:44:12,485:485.912084579 - ubuntu_sso.main - INFO - Setting up Ubuntu SSO service.
2013-06-13 02:44:12,495:495.237112045 - ubuntu_sso.main - INFO - Ubuntu SSO service started.
2013-06-13 02:44:12,495:495.601892471 - ubuntu_sso.account - INFO - Creating a new SSO access layer for service url u'https://login.ubuntu.com/api/1.0/'
2013-06-13 02:44:12,504:504.622936249 - ubuntu_sso.credentials - INFO - find_credentials: self.app_name dbus.String(u'Ubuntu Software Center'), result is {}? True
2013-06-13 02:44:12,504:504.986047745 - ubuntu_sso.main - INFO - 'CredentialsManagement': emitting 'CredentialsNotFound' with args (dbus.String(u'Ubuntu Software Center'),) and kwargs {}
2013-06-13 02:44:22,515:515.444993973 - ubuntu_sso.main - INFO - Shutting down, calling <function shutdown_func at 0x88670d4>.
2013-06-13 02:49:12,544:544.341087341 - ubuntu_sso.main - INFO - Setting up Ubuntu SSO service.
2013-06-13 02:49:12,553:553.467988968 - ubuntu_sso.main - INFO - Ubuntu SSO service started.
2013-06-13 02:49:12,553:553.793907166 - ubuntu_sso.account - INFO - Creating a new SSO access layer for service url u'https://login.ubuntu.com/api/1.0/'
2013-06-13 02:49:12,563:563.011884689 - ubuntu_sso.credentials - INFO - find_credentials: self.app_name dbus.String(u'Ubuntu Software Center'), result is {}? True
2013-06-13 02:49:12,563:563.359975815 - ubuntu_sso.main - INFO - 'CredentialsManagement': emitting 'CredentialsNotFound' with args (dbus.String(u'Ubuntu Software Center'),) and kwargs {}
2013-06-13 02:49:22,573:573.870897293 - ubuntu_sso.main - INFO - Shutting down, calling <function shutdown_func at 0x95900d4>.
2013-06-13 02:56:47,489:489.077091217 - ubuntu_sso.main - INFO - Setting up Ubuntu SSO service.
2013-06-13 02:56:47,498:498.564004898 - ubuntu_sso.main - INFO - Ubuntu SSO service started.
2013-06-13 02:56:47,498:498.886108398 - ubuntu_sso.account - INFO - Creating a new SSO access layer for service url u'https://login.ubuntu.com/api/1.0/'
2013-06-13 02:56:47,508:508.160114288 - ubuntu_sso.credentials - INFO - find_credentials: self.app_name dbus.String(u'Ubuntu Software Center'), result is {}? True
2013-06-13 02:56:47,508:508.593082428 - ubuntu_sso.main - INFO - 'CredentialsManagement': emitting 'CredentialsNotFound' with args (dbus.String(u'Ubuntu Software Center'),) and kwargs {}
2013-06-13 02:56:57,509:509.098052979 - ubuntu_sso.main - INFO - Shutting down, calling <function shutdown_func at 0x9a920d4>.
2013-06-13 03:01:47,484:484.533071518 - ubuntu_sso.main - INFO - Setting up Ubuntu SSO service.
2013-06-13 03:01:47,501:501.996040344 - ubuntu_sso.main - INFO - Ubuntu SSO service started.
2013-06-13 03:01:47,502:502.465963364 - ubuntu_sso.account - INFO - Creating a new SSO access layer for service url u'https://login.ubuntu.com/api/1.0/'
2013-06-13 03:01:47,516:516.314029694 - ubuntu_sso.credentials - INFO - find_credentials: self.app_name dbus.String(u'Ubuntu Software Center'), result is {}? True
2013-06-13 03:01:47,516:516.712903976 - ubuntu_sso.main - INFO - 'CredentialsManagement': emitting 'CredentialsNotFound' with args (dbus.String(u'Ubuntu Software Center'),) and kwargs {}
2013-06-13 03:01:57,527:527.174949646 - ubuntu_sso.main - INFO - Shutting down, calling <function shutdown_func at 0x94fd0d4>.
2013-06-13 13:34:26,575:575.237989426 - ubuntu_sso.main - INFO - Setting up Ubuntu SSO service.
2013-06-13 13:34:26,583:583.779096603 - ubuntu_sso.main - INFO - Ubuntu SSO service started.
2013-06-13 13:34:26,584:584.11192894 - ubuntu_sso.account - INFO - Creating a new SSO access layer for service url u'https://login.ubuntu.com/api/1.0/'
2013-06-13 13:34:26,594:594.002008438 - ubuntu_sso.credentials - INFO - find_credentials: self.app_name dbus.String(u'Ubuntu Software Center'), result is {}? True
2013-06-13 13:34:26,594:594.369888306 - ubuntu_sso.main - INFO - 'CredentialsManagement': emitting 'CredentialsNotFound' with args (dbus.String(u'Ubuntu Software Center'),) and kwargs {}
2013-06-13 13:34:36,599:599.431991577 - ubuntu_sso.main - INFO - Shutting down, calling <function shutdown_func at 0xa6c30d4>.
2013-06-13 13:39:27,495:495.999097824 - ubuntu_sso.main - INFO - Setting up Ubuntu SSO service.
2013-06-13 13:39:27,504:504.266023636 - ubuntu_sso.main - INFO - Ubuntu SSO service started.
2013-06-13 13:39:27,504:504.600048065 - ubuntu_sso.account - INFO - Creating a new SSO access layer for service url u'https://login.ubuntu.com/api/1.0/'
2013-06-13 13:39:27,513:513.750076294 - ubuntu_sso.credentials - INFO - find_credentials: self.app_name dbus.String(u'Ubuntu Software Center'), result is {}? True
2013-06-13 13:39:27,514:514.132976532 - ubuntu_sso.main - INFO - 'CredentialsManagement': emitting 'CredentialsNotFound' with args (dbus.String(u'Ubuntu Software Center'),) and kwargs {}
2013-06-13 13:39:37,523:523.801088333 - ubuntu_sso.main - INFO - Shutting down, calling <function shutdown_func at 0xa4e40d4>.
2013-06-13 19:37:08,968:968.574047089 - ubuntu_sso.main - INFO - Setting up Ubuntu SSO service.
2013-06-13 19:37:08,978:978.233098984 - ubuntu_sso.main - INFO - Ubuntu SSO service started.
2013-06-13 19:37:08,978:978.56092453 - ubuntu_sso.account - INFO - Creating a new SSO access layer for service url u'https://login.ubuntu.com/api/1.0/'
2013-06-13 19:37:08,988:988.632917404 - ubuntu_sso.credentials - INFO - find_credentials: self.app_name dbus.String(u'Ubuntu Software Center'), result is {}? True
2013-06-13 19:37:08,988:988.990068436 - ubuntu_sso.main - INFO - 'CredentialsManagement': emitting 'CredentialsNotFound' with args (dbus.String(u'Ubuntu Software Center'),) and kwargs {}
2013-06-13 19:37:18,995:995.574951172 - ubuntu_sso.main - INFO - Shutting down, calling <function shutdown_func at 0xb67a90d4>.
2013-06-13 19:42:09,719:719.280958176 - ubuntu_sso.main - INFO - Setting up Ubuntu SSO service.
2013-06-13 19:42:09,728:728.748083115 - ubuntu_sso.main - INFO - Ubuntu SSO service started.
2013-06-13 19:42:09,729:729.063987732 - ubuntu_sso.account - INFO - Creating a new SSO access layer for service url u'https://login.ubuntu.com/api/1.0/'
2013-06-13 19:42:09,737:737.915039062 - ubuntu_sso.credentials - INFO - find_credentials: self.app_name dbus.String(u'Ubuntu Software Center'), result is {}? True
2013-06-13 19:42:09,738:738.359928131 - ubuntu_sso.main - INFO - 'CredentialsManagement': emitting 'CredentialsNotFound' with args (dbus.String(u'Ubuntu Software Center'),) and kwargs {}
2013-06-13 19:42:19,747:747.55692482 - ubuntu_sso.main - INFO - Shutting down, calling <function shutdown_func at 0xb67a80d4>.
2013-06-13 19:47:28,722:722.614049911 - ubuntu_sso.main - INFO - Setting up Ubuntu SSO service.
2013-06-13 19:47:28,731:731.58788681 - ubuntu_sso.main - INFO - Ubuntu SSO service started.
2013-06-13 19:47:28,731:731.914997101 - ubuntu_sso.account - INFO - Creating a new SSO access layer for service url u'https://login.ubuntu.com/api/1.0/'
2013-06-13 19:47:28,741:741.226911545 - ubuntu_sso.credentials - INFO - find_credentials: self.app_name dbus.String(u'Ubuntu Software Center'), result is {}? True
2013-06-13 19:47:28,741:741.585016251 - ubuntu_sso.main - INFO - 'CredentialsManagement': emitting 'CredentialsNotFound' with args (dbus.String(u'Ubuntu Software Center'),) and kwargs {}
2013-06-13 19:47:38,747:747.210979462 - ubuntu_sso.main - INFO - Shutting down, calling <function shutdown_func at 0xb66d20d4>.
2013-06-13 19:52:28,759:759.859085083 - ubuntu_sso.main - INFO - Setting up Ubuntu SSO service.
2013-06-13 19:52:28,774:774.627923965 - ubuntu_sso.main - INFO - Ubuntu SSO service started.
2013-06-13 19:52:28,774:774.947881699 - ubuntu_sso.account - INFO - Creating a new SSO access layer for service url u'https://login.ubuntu.com/api/1.0/'
2013-06-13 19:52:28,788:788.239002228 - ubuntu_sso.credentials - INFO - find_credentials: self.app_name dbus.String(u'Ubuntu Software Center'), result is {}? True
2013-06-13 19:52:28,788:788.611888885 - ubuntu_sso.main - INFO - 'CredentialsManagement': emitting 'CredentialsNotFound' with args (dbus.String(u'Ubuntu Software Center'),) and kwargs {}
2013-06-13 19:52:38,795:795.772075653 - ubuntu_sso.main - INFO - Shutting down, calling <function shutdown_func at 0xb66cb0d4>.
2013-06-13 22:58:23,334:334.954023361 - ubuntu_sso.main - INFO - Setting up Ubuntu SSO service.
2013-06-13 22:58:23,350:350.270986557 - ubuntu_sso.main - INFO - Ubuntu SSO service started.
2013-06-13 22:58:23,350:350.57592392 - ubuntu_sso.account - INFO - Creating a new SSO access layer for service url u'https://login.ubuntu.com/api/1.0/'
2013-06-13 22:58:23,361:361.763000488 - ubuntu_sso.credentials - INFO - find_credentials: self.app_name dbus.String(u'Ubuntu Software Center'), result is {}? True
2013-06-13 22:58:23,385:385.11300087 - ubuntu_sso.main - INFO - 'CredentialsManagement': emitting 'CredentialsNotFound' with args (dbus.String(u'Ubuntu Software Center'),) and kwargs {}
2013-06-13 22:58:33,395:395.601034164 - ubuntu_sso.main - INFO - Shutting down, calling <function shutdown_func at 0xb67910d4>.
2013-06-13 23:03:23,716:716.486930847 - ubuntu_sso.main - INFO - Setting up Ubuntu SSO service.
2013-06-13 23:03:23,732:732.367038727 - ubuntu_sso.main - INFO - Ubuntu SSO service started.
2013-06-13 23:03:23,732:732.67698288 - ubuntu_sso.account - INFO - Creating a new SSO access layer for service url u'https://login.ubuntu.com/api/1.0/'
2013-06-13 23:03:23,743:743.940114975 - ubuntu_sso.credentials - INFO - find_credentials: self.app_name dbus.String(u'Ubuntu Software Center'), result is {}? True
2013-06-13 23:03:23,744:744.313955307 - ubuntu_sso.main - INFO - 'CredentialsManagement': emitting 'CredentialsNotFound' with args (dbus.String(u'Ubuntu Software Center'),) and kwargs {}
2013-06-13 23:03:33,753:753.78704071 - ubuntu_sso.main - INFO - Shutting down, calling <function shutdown_func at 0xb674f0d4>.
2013-06-13 23:31:27,794:794.77596283 - ubuntu_sso.main - INFO - Setting up Ubuntu SSO service.
2013-06-13 23:31:27,812:812.980890274 - ubuntu_sso.main - INFO - Ubuntu SSO service started.
2013-06-13 23:31:27,813:813.285112381 - ubuntu_sso.account - INFO - Creating a new SSO access layer for service url u'https://login.ubuntu.com/api/1.0/'
2013-06-13 23:31:27,827:827.789068222 - ubuntu_sso.credentials - INFO - find_credentials: self.app_name dbus.String(u'Ubuntu Software Center'), result is {}? True
2013-06-13 23:31:27,828:828.244924545 - ubuntu_sso.main - INFO - 'CredentialsManagement': emitting 'CredentialsNotFound' with args (dbus.String(u'Ubuntu Software Center'),) and kwargs {}
2013-06-13 23:31:37,839:839.745998383 - ubuntu_sso.main - INFO - Shutting down, calling <function shutdown_func at 0xb66fc0d4>.
2013-06-13 23:36:28,763:763.288021088 - ubuntu_sso.main - INFO - Setting up Ubuntu SSO service.
2013-06-13 23:36:28,779:779.315948486 - ubuntu_sso.main - INFO - Ubuntu SSO service started.
2013-06-13 23:36:28,779:779.675960541 - ubuntu_sso.account - INFO - Creating a new SSO access layer for service url u'https://login.ubuntu.com/api/1.0/'
2013-06-13 23:36:28,793:793.80607605 - ubuntu_sso.credentials - INFO - find_credentials: self.app_name dbus.String(u'Ubuntu Software Center'), result is {}? True
2013-06-13 23:36:28,794:794.193029404 - ubuntu_sso.main - INFO - 'CredentialsManagement': emitting 'CredentialsNotFound' with args (dbus.String(u'Ubuntu Software Center'),) and kwargs {}
2013-06-13 23:36:38,803:803.582906723 - ubuntu_sso.main - INFO - Shutting down, calling <function shutdown_func at 0xb67140d4>.
